Filename                                                    Regions    Missed Regions     Cover   Functions  Missed Functions  Executed       Lines      Missed Lines     Cover    Branches   Missed Branches     Cover
-----------------------------------------------------------------------------------------------------------------------------------------------------------------------------------------------------------------------
/home/forrest/matter-compressor/src/matter_compressor.c        6930              2929    57.73%         373                98    73.73%        4980              1847    62.91%        4160              2141    48.53%
-----------------------------------------------------------------------------------------------------------------------------------------------------------------------------------------------------------------------
TOTAL                                                          6930              2929    57.73%         373                98    73.73%        4980              1847    62.91%        4160              2141    48.53%
